{"name": "To verify that we can open a webpage by using Selenium.", "status": "failed", "statusDetails": {"message": "AssertionError: assert 'TheTestingAc...ation Testing' == 'ABC'\n  \n  \u001b[0m\u001b[91m- ABC\u001b[39;49;00m\u001b[90m\u001b[39;49;00m\n  \u001b[92m+ TheTestingAcademy | Learn Software Testing and Automation Testing\u001b[39;49;00m\u001b[90m\u001b[39;49;00m", "trace": "@allure.title(\"To verify that we can open a webpage by using Selenium.\")\n    @allure.description(\"We will open a page and verify that it is getting opened by using Selenium.\")\n    def test_first_tc():\n        driver = webdriver.Edge()\n        driver.get(\"https://thetestingacademy.com\")\n        print(driver.title)\n        print(driver.current_url)\n    \n>       assert driver.title == \"ABC\"\nE       AssertionError: assert 'TheTestingAc...ation Testing' == 'ABC'\nE         \nE         \u001b[0m\u001b[91m- ABC\u001b[39;49;00m\u001b[90m\u001b[39;49;00m\nE         \u001b[92m+ TheTestingAcademy | Learn Software Testing and Automation Testing\u001b[39;49;00m\u001b[90m\u001b[39;49;00m\n\nsrc\\ex_01_Selenium_Basics\\test_Selenium_01.py:14: AssertionError"}, "description": "We will open a page and verify that it is getting opened by using Selenium.", "attachments": [{"name": "stdout", "source": "71b82676-e0d5-4d77-a4b5-6842c4d44eae-attachment.txt", "type": "text/plain"}], "start": 1766672735581, "stop": 1766672742684, "uuid": "f2043ce3-34c2-4f31-8c41-bf18d6354da8", "historyId": "1f887da9f0863848dc09f4e275d65531", "testCaseId": "1f887da9f0863848dc09f4e275d65531", "fullName": "src.ex_01_Selenium_Basics.test_Selenium_01#test_first_tc", "labels": [{"name": "parentSuite", "value": "src.ex_01_Selenium_Basics"}, {"name": "suite", "value": "test_Selenium_01"}, {"name": "host", "value": "SDETSWAPNIL"}, {"name": "thread", "value": "11824-MainThread"}, {"name": "framework", "value": "pytest"}, {"name": "language", "value": "cpython3"}, {"name": "package", "value": "src.ex_01_Selenium_Basics.test_Selenium_01"}], "titlePath": ["src", "ex_01_Selenium_Basics", "test_Selenium_01.py"]}